<?xml version="1.0" encoding="UTF-8"?>
<!-- Generated by org.testng.reporters.JUnitXMLReporter -->
<testsuite ignored="0" hostname="QT-INNO-LT1631" failures="0" tests="14" name="Default test" time="170.038" errors="0" timestamp="2022-12-01T11:47:45 IST">
  <testcase classname="com.qt.qualithon.test.MovieSearchTest" name="testMovieMetadataOnWebHasCorrectDirectorName" time="11.623"/>
  <testcase classname="com.qt.qualithon.test.MovieSearchTest" name="testMovieMetadataOnWebHasCorrectDirectorName" time="10.923"/>
  <testcase classname="com.qt.qualithon.test.MovieSearchTest" name="testMovieMetadataOnWebHasCorrectGenres" time="11.039"/>
  <testcase classname="com.qt.qualithon.test.MovieSearchTest" name="testMovieMetadataOnWebHasCorrectGenres" time="9.941"/>
  <testcase classname="com.qt.qualithon.test.MovieSearchTest" name="testMovieMetadataOnWebHasCorrectMaturityRating" time="8.584"/>
  <testcase classname="com.qt.qualithon.test.MovieSearchTest" name="testMovieMetadataOnWebHasCorrectMaturityRating" time="10.724"/>
  <testcase classname="com.qt.qualithon.test.MovieSearchTest" name="testMovieMetadataOnWebHasCorrectMovieRatingScore" time="8.897"/>
  <testcase classname="com.qt.qualithon.test.MovieSearchTest" name="testMovieMetadataOnWebHasCorrectMovieRatingScore" time="9.586"/>
  <testcase classname="com.qt.qualithon.test.MovieSearchTest" name="testMovieMetadataOnWebHasCorrectReleaseYear" time="10.351"/>
  <testcase classname="com.qt.qualithon.test.MovieSearchTest" name="testMovieMetadataOnWebHasCorrectReleaseYear" time="9.666"/>
  <testcase classname="com.qt.qualithon.test.MovieSearchTest" name="testMovieMetadataOnWebHasCorrectWriters" time="9.932"/>
  <testcase classname="com.qt.qualithon.test.MovieSearchTest" name="testMovieMetadataOnWebHasCorrectWriters" time="10.984"/>
  <testcase classname="com.qt.qualithon.test.MovieSearchTest" name="testSearchByExactMovieTitleReturnsMovieAsFirstResult" time="10.039"/>
  <testcase classname="com.qt.qualithon.test.MovieSearchTest" name="testSearchByExactMovieTitleReturnsMovieAsFirstResult" time="10.812"/>
</testsuite> <!-- Default test -->
